* using log directory 'C:/Users/yeqing/Desktop/workout03/binomial.Rcheck'
* using R version 3.4.3 (2017-11-30)
* using platform: x86_64-w64-mingw32 (64-bit)
* using session charset: ISO8859-1
* using options '--no-manual --as-cran'
* checking for file 'binomial/DESCRIPTION' ... OK
* checking extension type ... Package
* this is package 'binomial' version '0.1.0'
* package encoding: UTF-8
* checking package namespace information ... OK
* checking package dependencies ... OK
* checking if this is a source package ... OK
* checking if there is a namespace ... OK
* checking for .dll and .exe files ... OK
* checking for hidden files and directories ... OK
* checking for portable file names ... OK
* checking whether package 'binomial' can be installed ... OK
* checking package directory ... OK
* checking DESCRIPTION meta-information ... OK
* checking top-level files ... NOTE
Non-standard file/directory found at top level:
  'dectools-binomial.R'
* checking for left-over files ... OK
* checking index information ... OK
* checking package subdirectories ... OK
* checking R files for non-ASCII characters ... OK
* checking R files for syntax errors ... OK
* checking whether the package can be loaded ... OK
* checking whether the package can be loaded with stated dependencies ... OK
* checking whether the package can be unloaded cleanly ... OK
* checking whether the namespace can be loaded with stated dependencies ... OK
* checking whether the namespace can be unloaded cleanly ... OK
* checking loading without being on the library search path ... OK
* checking dependencies in R code ... WARNING
'library' or 'require' call not declared from: 'ggplot2'
'library' or 'require' call to 'ggplot2' in package code.
  Please use :: or requireNamespace() instead.
  See section 'Suggested packages' in the 'Writing R Extensions' manual.
* checking S3 generic/method consistency ... WARNING
print:
  function(x, ...)
print.binvar:
  function(x)

print:
  function(x, ...)
print.summary.binvar:
  function(x)

summary:
  function(object, ...)
summary.binvar:
  function(x)

plot:
  function(x, ...)
plot.bincum:
  function(x)

plot:
  function(x, ...)
plot.bindist:
  function(x)

See section 'Generic functions and methods' in the 'Writing R
Extensions' manual.
* checking replacement functions ... OK
* checking foreign function calls ... OK
* checking R code for possible problems ... NOTE
plot.bincum: no visible global function definition for 'ggplot'
plot.bincum: no visible global function definition for 'aes'
plot.bincum: no visible global function definition for 'geom_line'
plot.bincum: no visible global function definition for 'geom_point'
plot.bincum: no visible global function definition for 'theme_classic'
plot.bincum: no visible global function definition for 'labs'
plot.bincum: no visible global function definition for
  'scale_y_continuous'
plot.bindist: no visible global function definition for 'ggplot'
plot.bindist: no visible global function definition for 'aes'
plot.bindist: no visible global function definition for 'labs'
plot.bindist: no visible global function definition for 'geom_bar'
plot.bindist: no visible global function definition for 'theme_classic'
plot.bindist: no visible global function definition for
  'scale_y_continuous'
plot.bindist: no visible global function definition for
  'scale_x_continuous'
Undefined global functions or variables:
  aes geom_bar geom_line geom_point ggplot labs scale_x_continuous
  scale_y_continuous theme_classic
* checking Rd files ... OK
* checking Rd metadata ... OK
* checking Rd line widths ... OK
* checking Rd cross-references ... OK
* checking for missing documentation entries ... OK
* checking for code/documentation mismatches ... OK
* checking Rd \usage sections ... OK
* checking Rd contents ... OK
* checking for unstated dependencies in examples ... OK
* checking examples ... OK
* checking for unstated dependencies in 'tests' ... OK
* checking tests ... ERROR
  Running 'testthat.R'
Running the tests in 'tests/testthat.R' failed.
Last 13 lines of output:
         e$expectation_calls <- frame_calls(11, 2)
         test_error <<- e
         register_expectation(e)
         e$handled <- TRUE
         test_error <<- e
     }, "could not find function \"expect_euqal\"", quote(expect_euqal(check_trials(-5), 
         TRUE))) at testthat/test.checker.R:15
  2: eval(code, test_env)
  
  == testthat results  ==================================
  OK: 33 SKIPPED: 0 FAILED: 1
  1. Error: the check_trials works with negative integer (@test.checker.R#15) 
  
  Error: testthat unit tests failed
  Execution halted
* DONE
Status: 1 ERROR, 2 WARNINGs, 2 NOTEs
